<?xml version="1.0" encoding="UTF-8"?>
<testng-results ignored="0" total="1" passed="1" failed="0" skipped="0">
  <reporter-output>
  </reporter-output>
  <suite started-at="2020-12-06T13:38:05 PST" name="Default suite" finished-at="2020-12-06T13:39:42 PST" duration-ms="96155">
    <groups>
    </groups>
    <test started-at="2020-12-06T13:38:05 PST" name="Default test" finished-at="2020-12-06T13:39:42 PST" duration-ms="96155">
      <class name="com.SampleBankingProject.testCases.TC_Login_TC001">
        <test-method is-config="true" signature="setup()[pri:0, instance:com.SampleBankingProject.testCases.TC_Login_TC001@309e345f]" started-at="2020-12-06T13:38:05 PST" name="setup" finished-at="2020-12-06T13:38:30 PST" duration-ms="24772" status="PASS">
          <reporter-output>
          </reporter-output>
        </test-method> <!-- setup -->
        <test-method signature="loginTest()[pri:0, instance:com.SampleBankingProject.testCases.TC_Login_TC001@309e345f]" started-at="2020-12-06T13:38:31 PST" name="loginTest" finished-at="2020-12-06T13:39:37 PST" duration-ms="66294" status="PASS">
          <reporter-output>
          </reporter-output>
        </test-method> <!-- loginTest -->
        <test-method is-config="true" signature="tearDown()[pri:0, instance:com.SampleBankingProject.testCases.TC_Login_TC001@309e345f]" started-at="2020-12-06T13:39:37 PST" name="tearDown" finished-at="2020-12-06T13:39:42 PST" duration-ms="4507" status="PASS">
          <reporter-output>
          </reporter-output>
        </test-method> <!-- tearDown -->
      </class> <!-- com.SampleBankingProject.testCases.TC_Login_TC001 -->
    </test> <!-- Default test -->
  </suite> <!-- Default suite -->
</testng-results>
