<?xml version="1.0" encoding="UTF-8"?>
<!-- Generated by org.testng.reporters.JUnitXMLReporter -->
<testsuite ignored="4" hostname="ADMIN-PC" failures="0" tests="5" name="TestNG_Grouping" time="0.134" errors="0" timestamp="2020-12-02T17:06:20 PST">
  <testcase classname="sample_TestNG.GroupingInTestNG" name="AfterMethod" time="0.016"/>
  <testcase classname="sample_TestNG.GroupingInTestNG" name="afterSuite" time="0.003"/>
  <testcase classname="sample_TestNG.GroupingInTestNG" name="beforeClass" time="0.003"/>
  <testcase classname="sample_TestNG.GroupingInTestNG" name="beforeMethod" time="0.003"/>
  <testcase classname="sample_TestNG.GroupingInTestNG" name="beforeSuite" time="0.002"/>
  <testcase classname="sample_TestNG.GroupingInTestNG" name="afterClass" time="0.0">
    <ignored/>
  </testcase> <!-- afterClass -->
  <testcase classname="sample_TestNG.GroupingInTestNG" name="beforeTest" time="0.0">
    <ignored/>
  </testcase> <!-- beforeTest -->
  <testcase classname="sample_TestNG.GroupingInTestNG" name="afterTest" time="0.0">
    <ignored/>
  </testcase> <!-- afterTest -->
  <testcase classname="sample_TestNG.GroupingInTestNG" name="noAnnotation" time="0.0">
    <ignored/>
  </testcase> <!-- noAnnotation -->
</testsuite> <!-- TestNG_Grouping -->
